18/12/2022 08:38:14 - /api/v1/users - Page not found !
18/12/2022 08:39:00 - /api/v1/users - Page not found !
18/12/2022 08:39:19 - /api/v1/users - Page not found !
18/12/2022 08:39:28 - /api/v1/users - Page not found !
18/12/2022 08:39:31 - /api/v1/users - Page not found !
18/12/2022 08:39:47 - /api/v1/users - Page not found !
18/12/2022 08:40:53 - /api/v1/rentals - This vehicle is already rent !
18/12/2022 08:43:15 - /api/v1/rentals/6 - User not connected !
18/12/2022 08:56:04 - /api/v1/rentals/6 - User not connected !
18/12/2022 09:43:43 - /api/v1/rentals/6 - User not connected !
18/12/2022 09:45:11 - /api/v1/rentals/6 - User not connected !
18/12/2022 09:45:33 - /api/v1/rentals/6 - User not connected !
18/12/2022 09:45:34 - /api/v1/rentals/6 - User not connected !
18/12/2022 09:48:37 - /api/v1/rentals/6 - User not connected !
18/12/2022 09:48:44 - /api/v1/rentals/6 - Given informations not allows any modification
18/12/2022 09:49:12 - /api/v1/rentals/7 - Given informations not allow any modification
18/12/2022 09:50:36 - /api/v1/rentals/7 - Given informations not allow any modification
18/12/2022 09:51:11 - /api/v1/rentals/2 - Given informations not allow any modification
18/12/2022 09:57:10 - /api/v1/rentals/1 - User not connected !
18/12/2022 09:59:33 - /api/v1/rentals/6 - User not connected !
18/12/2022 09:59:39 - /api/v1/rentals/6 - Given informations not allow any modification
18/12/2022 09:59:53 - /api/v1/rentals/6 - Given informations not allow any modification
18/12/2022 10:00:00 - /api/v1/rentals/1 - Given informations not allow any modification
18/12/2022 10:00:04 - /api/v1/rentals/4 - This vehicle is already rent !
18/12/2022 10:00:13 - /api/v1/rentals/6 - Given informations not allow any modification
18/12/2022 10:00:19 - /api/v1/rentals/1 - Given informations not allow any modification
18/12/2022 10:01:29 - /api/v1/rentals/4 - User not connected !
18/12/2022 10:02:38 - /api/v1/rentals/4 - User not connected !
18/12/2022 10:03:28 - /api/v1/rentals/4 - User not connected !
18/12/2022 10:03:51 - /api/v1/rentals/4 - User not connected !
18/12/2022 11:33:30 - / - Page not found !
